::1 - - [26/Sep/2021:06:26:31 +0000] "OPTIONS /api/places HTTP/1.1" 200 4 "http://localhost:3000/" "Mozilla/5.0 (Windows NT 10.0; Win64; x64) AppleWebKit/537.36 (KHTML, like Gecko) Chrome/93.0.4577.82 Safari/537.36"
::1 - - [27/Sep/2021:06:13:10 +0000] "OPTIONS /api/users/reset HTTP/1.1" 200 4 "http://localhost:3000/" "Mozilla/5.0 (Windows NT 10.0; Win64; x64) AppleWebKit/537.36 (KHTML, like Gecko) Chrome/93.0.4577.82 Safari/537.36"
::1 - - [27/Sep/2021:06:13:17 +0000] "POST /api/users/reset HTTP/1.1" 200 36 "http://localhost:3000/" "Mozilla/5.0 (Windows NT 10.0; Win64; x64) AppleWebKit/537.36 (KHTML, like Gecko) Chrome/93.0.4577.82 Safari/537.36"
::1 - - [27/Sep/2021:06:15:34 +0000] "OPTIONS /api/users/reset HTTP/1.1" 200 4 "http://localhost:3000/" "Mozilla/5.0 (Windows NT 10.0; Win64; x64) AppleWebKit/537.36 (KHTML, like Gecko) Chrome/93.0.4577.82 Safari/537.36"
::1 - - [27/Sep/2021:06:15:41 +0000] "POST /api/users/reset HTTP/1.1" 200 36 "http://localhost:3000/" "Mozilla/5.0 (Windows NT 10.0; Win64; x64) AppleWebKit/537.36 (KHTML, like Gecko) Chrome/93.0.4577.82 Safari/537.36"
::1 - - [27/Sep/2021:09:45:30 +0000] "GET /api/users HTTP/1.1" 200 604 "http://localhost:3000/" "Mozilla/5.0 (Windows NT 10.0; Win64; x64) AppleWebKit/537.36 (KHTML, like Gecko) Chrome/93.0.4577.82 Safari/537.36"
::1 - - [27/Sep/2021:09:45:30 +0000] "GET /uploads/images/587fb26e-5a4b-4817-b15f-ff9092dfc66b.jpeg HTTP/1.1" 404 40 "http://localhost:3000/" "Mozilla/5.0 (Windows NT 10.0; Win64; x64) AppleWebKit/537.36 (KHTML, like Gecko) Chrome/93.0.4577.82 Safari/537.36"
::1 - - [27/Sep/2021:09:45:30 +0000] "GET /uploads/images/cc474b26-c8d2-4337-a634-70a19684f6b9.png HTTP/1.1" 304 - "http://localhost:3000/" "Mozilla/5.0 (Windows NT 10.0; Win64; x64) AppleWebKit/537.36 (KHTML, like Gecko) Chrome/93.0.4577.82 Safari/537.36"
::1 - - [27/Sep/2021:09:45:33 +0000] "GET /api/users HTTP/1.1" 304 - "http://localhost:3000/" "Mozilla/5.0 (Windows NT 10.0; Win64; x64) AppleWebKit/537.36 (KHTML, like Gecko) Chrome/93.0.4577.82 Safari/537.36"
::1 - - [27/Sep/2021:09:45:33 +0000] "GET /uploads/images/cc474b26-c8d2-4337-a634-70a19684f6b9.png HTTP/1.1" 304 - "http://localhost:3000/" "Mozilla/5.0 (Windows NT 10.0; Win64; x64) AppleWebKit/537.36 (KHTML, like Gecko) Chrome/93.0.4577.82 Safari/537.36"
::1 - - [27/Sep/2021:09:45:33 +0000] "GET /uploads/images/587fb26e-5a4b-4817-b15f-ff9092dfc66b.jpeg HTTP/1.1" 404 40 "http://localhost:3000/" "Mozilla/5.0 (Windows NT 10.0; Win64; x64) AppleWebKit/537.36 (KHTML, like Gecko) Chrome/93.0.4577.82 Safari/537.36"
::1 - - [27/Sep/2021:09:45:37 +0000] "GET /api/places/user/61517f2e8cbaec0004fa8af7 HTTP/1.1" 200 442 "http://localhost:3000/" "Mozilla/5.0 (Windows NT 10.0; Win64; x64) AppleWebKit/537.36 (KHTML, like Gecko) Chrome/93.0.4577.82 Safari/537.36"
::1 - - [27/Sep/2021:09:45:37 +0000] "GET /uploads/images/57e459ea-e04c-4e4d-8a64-7f7ea90d8ebd.jpeg HTTP/1.1" 404 40 "http://localhost:3000/" "Mozilla/5.0 (Windows NT 10.0; Win64; x64) AppleWebKit/537.36 (KHTML, like Gecko) Chrome/93.0.4577.82 Safari/537.36"
::1 - - [27/Sep/2021:09:46:42 +0000] "GET /api/places/user/61517f2e8cbaec0004fa8af7 HTTP/1.1" 404 61 "http://localhost:3000/" "Mozilla/5.0 (Windows NT 10.0; Win64; x64) AppleWebKit/537.36 (KHTML, like Gecko) Chrome/93.0.4577.82 Safari/537.36"
::1 - - [27/Sep/2021:09:46:44 +0000] "GET /api/users HTTP/1.1" 200 374 "http://localhost:3000/" "Mozilla/5.0 (Windows NT 10.0; Win64; x64) AppleWebKit/537.36 (KHTML, like Gecko) Chrome/93.0.4577.82 Safari/537.36"
::1 - - [27/Sep/2021:09:46:44 +0000] "GET /uploads/images/cc474b26-c8d2-4337-a634-70a19684f6b9.png HTTP/1.1" 304 - "http://localhost:3000/" "Mozilla/5.0 (Windows NT 10.0; Win64; x64) AppleWebKit/537.36 (KHTML, like Gecko) Chrome/93.0.4577.82 Safari/537.36"
::1 - - [27/Sep/2021:09:46:54 +0000] "OPTIONS /api/users/login HTTP/1.1" 200 4 "http://localhost:3000/" "Mozilla/5.0 (Windows NT 10.0; Win64; x64) AppleWebKit/537.36 (KHTML, like Gecko) Chrome/93.0.4577.82 Safari/537.36"
::1 - - [27/Sep/2021:09:46:54 +0000] "POST /api/users/login HTTP/1.1" 401 56 "http://localhost:3000/" "Mozilla/5.0 (Windows NT 10.0; Win64; x64) AppleWebKit/537.36 (KHTML, like Gecko) Chrome/93.0.4577.82 Safari/537.36"
::1 - - [27/Sep/2021:09:46:56 +0000] "POST /api/users/login HTTP/1.1" 401 56 "http://localhost:3000/" "Mozilla/5.0 (Windows NT 10.0; Win64; x64) AppleWebKit/537.36 (KHTML, like Gecko) Chrome/93.0.4577.82 Safari/537.36"
::1 - - [27/Sep/2021:09:47:45 +0000] "POST /api/users/signup HTTP/1.1" 201 306 "http://localhost:3000/" "Mozilla/5.0 (Windows NT 10.0; Win64; x64) AppleWebKit/537.36 (KHTML, like Gecko) Chrome/93.0.4577.82 Safari/537.36"
::1 - - [27/Sep/2021:09:47:46 +0000] "GET /api/users HTTP/1.1" 200 580 "http://localhost:3000/" "Mozilla/5.0 (Windows NT 10.0; Win64; x64) AppleWebKit/537.36 (KHTML, like Gecko) Chrome/93.0.4577.82 Safari/537.36"
::1 - - [27/Sep/2021:09:47:46 +0000] "GET /uploads/images/cc474b26-c8d2-4337-a634-70a19684f6b9.png HTTP/1.1" 304 - "http://localhost:3000/" "Mozilla/5.0 (Windows NT 10.0; Win64; x64) AppleWebKit/537.36 (KHTML, like Gecko) Chrome/93.0.4577.82 Safari/537.36"
::1 - - [27/Sep/2021:09:47:46 +0000] "GET /uploads/images/344a5f55-76d9-4d09-8787-b4a09957b72e.jpeg HTTP/1.1" 200 163526 "http://localhost:3000/" "Mozilla/5.0 (Windows NT 10.0; Win64; x64) AppleWebKit/537.36 (KHTML, like Gecko) Chrome/93.0.4577.82 Safari/537.36"
::1 - - [27/Sep/2021:09:49:18 +0000] "GET /api/places/user/615193388275fe6238361ee2 HTTP/1.1" 404 61 "http://localhost:3000/" "Mozilla/5.0 (Windows NT 10.0; Win64; x64) AppleWebKit/537.36 (KHTML, like Gecko) Chrome/93.0.4577.82 Safari/537.36"
::1 - - [27/Sep/2021:09:49:20 +0000] "GET /api/users HTTP/1.1" 304 - "http://localhost:3000/" "Mozilla/5.0 (Windows NT 10.0; Win64; x64) AppleWebKit/537.36 (KHTML, like Gecko) Chrome/93.0.4577.82 Safari/537.36"
::1 - - [27/Sep/2021:09:50:22 +0000] "OPTIONS /api/places HTTP/1.1" 200 4 "http://localhost:3000/" "Mozilla/5.0 (Windows NT 10.0; Win64; x64) AppleWebKit/537.36 (KHTML, like Gecko) Chrome/93.0.4577.82 Safari/537.36"
::1 - - [27/Sep/2021:09:50:50 +0000] "POST /api/places HTTP/1.1" - - "http://localhost:3000/" "Mozilla/5.0 (Windows NT 10.0; Win64; x64) AppleWebKit/537.36 (KHTML, like Gecko) Chrome/93.0.4577.82 Safari/537.36"
::1 - - [27/Sep/2021:09:50:51 +0000] "GET /api/users HTTP/1.1" 200 606 "http://localhost:3000/" "Mozilla/5.0 (Windows NT 10.0; Win64; x64) AppleWebKit/537.36 (KHTML, like Gecko) Chrome/93.0.4577.82 Safari/537.36"
::1 - - [27/Sep/2021:09:50:51 +0000] "GET /uploads/images/cc474b26-c8d2-4337-a634-70a19684f6b9.png HTTP/1.1" 304 - "http://localhost:3000/" "Mozilla/5.0 (Windows NT 10.0; Win64; x64) AppleWebKit/537.36 (KHTML, like Gecko) Chrome/93.0.4577.82 Safari/537.36"
::1 - - [27/Sep/2021:09:50:51 +0000] "GET /uploads/images/344a5f55-76d9-4d09-8787-b4a09957b72e.jpeg HTTP/1.1" 304 - "http://localhost:3000/" "Mozilla/5.0 (Windows NT 10.0; Win64; x64) AppleWebKit/537.36 (KHTML, like Gecko) Chrome/93.0.4577.82 Safari/537.36"
::1 - - [27/Sep/2021:09:50:59 +0000] "GET /api/users HTTP/1.1" 304 - "http://localhost:3000/" "Mozilla/5.0 (Windows NT 10.0; Win64; x64) AppleWebKit/537.36 (KHTML, like Gecko) Chrome/93.0.4577.82 Safari/537.36"
::1 - - [27/Sep/2021:09:50:59 +0000] "GET /uploads/images/cc474b26-c8d2-4337-a634-70a19684f6b9.png HTTP/1.1" 304 - "http://localhost:3000/" "Mozilla/5.0 (Windows NT 10.0; Win64; x64) AppleWebKit/537.36 (KHTML, like Gecko) Chrome/93.0.4577.82 Safari/537.36"
::1 - - [27/Sep/2021:09:50:59 +0000] "GET /uploads/images/344a5f55-76d9-4d09-8787-b4a09957b72e.jpeg HTTP/1.1" 304 - "http://localhost:3000/" "Mozilla/5.0 (Windows NT 10.0; Win64; x64) AppleWebKit/537.36 (KHTML, like Gecko) Chrome/93.0.4577.82 Safari/537.36"
::1 - - [27/Sep/2021:09:51:01 +0000] "GET /api/places/user/615193388275fe6238361ee2 HTTP/1.1" 200 443 "http://localhost:3000/" "Mozilla/5.0 (Windows NT 10.0; Win64; x64) AppleWebKit/537.36 (KHTML, like Gecko) Chrome/93.0.4577.82 Safari/537.36"
::1 - - [27/Sep/2021:09:51:01 +0000] "GET /uploads/images/4cde45be-8a63-4176-a49e-40b175384caf.jpeg HTTP/1.1" 200 164161 "http://localhost:3000/" "Mozilla/5.0 (Windows NT 10.0; Win64; x64) AppleWebKit/537.36 (KHTML, like Gecko) Chrome/93.0.4577.82 Safari/537.36"
::1 - - [27/Sep/2021:09:51:04 +0000] "GET /api/users HTTP/1.1" 304 - "http://localhost:3000/" "Mozilla/5.0 (Windows NT 10.0; Win64; x64) AppleWebKit/537.36 (KHTML, like Gecko) Chrome/93.0.4577.82 Safari/537.36"
::1 - - [27/Sep/2021:09:51:11 +0000] "GET /api/users HTTP/1.1" 304 - "http://localhost:3000/" "Mozilla/5.0 (Windows NT 10.0; Win64; x64) AppleWebKit/537.36 (KHTML, like Gecko) Chrome/93.0.4577.82 Safari/537.36"
::1 - - [27/Sep/2021:09:51:11 +0000] "GET /uploads/images/cc474b26-c8d2-4337-a634-70a19684f6b9.png HTTP/1.1" 304 - "http://localhost:3000/" "Mozilla/5.0 (Windows NT 10.0; Win64; x64) AppleWebKit/537.36 (KHTML, like Gecko) Chrome/93.0.4577.82 Safari/537.36"
::1 - - [27/Sep/2021:09:51:11 +0000] "GET /uploads/images/344a5f55-76d9-4d09-8787-b4a09957b72e.jpeg HTTP/1.1" 304 - "http://localhost:3000/" "Mozilla/5.0 (Windows NT 10.0; Win64; x64) AppleWebKit/537.36 (KHTML, like Gecko) Chrome/93.0.4577.82 Safari/537.36"
::1 - - [27/Sep/2021:09:51:57 +0000] "GET /api/places/user/615193388275fe6238361ee2 HTTP/1.1" 304 - "http://localhost:3000/" "Mozilla/5.0 (Windows NT 10.0; Win64; x64) AppleWebKit/537.36 (KHTML, like Gecko) Chrome/93.0.4577.82 Safari/537.36"
::1 - - [27/Sep/2021:09:51:57 +0000] "GET /uploads/images/4cde45be-8a63-4176-a49e-40b175384caf.jpeg HTTP/1.1" 304 - "http://localhost:3000/" "Mozilla/5.0 (Windows NT 10.0; Win64; x64) AppleWebKit/537.36 (KHTML, like Gecko) Chrome/93.0.4577.82 Safari/537.36"
::1 - - [27/Sep/2021:09:52:12 +0000] "GET /api/users HTTP/1.1" 304 - "http://localhost:3000/" "Mozilla/5.0 (Windows NT 10.0; Win64; x64) AppleWebKit/537.36 (KHTML, like Gecko) Chrome/93.0.4577.82 Safari/537.36"
::1 - - [27/Sep/2021:09:52:24 +0000] "GET /api/users HTTP/1.1" 304 - "http://localhost:3000/" "Mozilla/5.0 (Windows NT 10.0; Win64; x64) AppleWebKit/537.36 (KHTML, like Gecko) Chrome/93.0.4577.82 Safari/537.36"
::1 - - [27/Sep/2021:09:52:24 +0000] "GET /uploads/images/cc474b26-c8d2-4337-a634-70a19684f6b9.png HTTP/1.1" 304 - "http://localhost:3000/" "Mozilla/5.0 (Windows NT 10.0; Win64; x64) AppleWebKit/537.36 (KHTML, like Gecko) Chrome/93.0.4577.82 Safari/537.36"
::1 - - [27/Sep/2021:09:52:24 +0000] "GET /uploads/images/344a5f55-76d9-4d09-8787-b4a09957b72e.jpeg HTTP/1.1" 304 - "http://localhost:3000/" "Mozilla/5.0 (Windows NT 10.0; Win64; x64) AppleWebKit/537.36 (KHTML, like Gecko) Chrome/93.0.4577.82 Safari/537.36"
::1 - - [27/Sep/2021:09:59:19 +0000] "GET /api/users HTTP/1.1" 304 - "http://localhost:3000/" "Mozilla/5.0 (Windows NT 10.0; Win64; x64) AppleWebKit/537.36 (KHTML, like Gecko) Chrome/93.0.4577.82 Safari/537.36"
::1 - - [27/Sep/2021:09:59:19 +0000] "GET /uploads/images/cc474b26-c8d2-4337-a634-70a19684f6b9.png HTTP/1.1" 304 - "http://localhost:3000/" "Mozilla/5.0 (Windows NT 10.0; Win64; x64) AppleWebKit/537.36 (KHTML, like Gecko) Chrome/93.0.4577.82 Safari/537.36"
::1 - - [27/Sep/2021:09:59:19 +0000] "GET /uploads/images/344a5f55-76d9-4d09-8787-b4a09957b72e.jpeg HTTP/1.1" 304 - "http://localhost:3000/" "Mozilla/5.0 (Windows NT 10.0; Win64; x64) AppleWebKit/537.36 (KHTML, like Gecko) Chrome/93.0.4577.82 Safari/537.36"
::1 - - [27/Sep/2021:10:28:25 +0000] "GET /api/users HTTP/1.1" 304 - "http://localhost:3000/" "Mozilla/5.0 (Windows NT 10.0; Win64; x64) AppleWebKit/537.36 (KHTML, like Gecko) Chrome/93.0.4577.82 Safari/537.36"
::1 - - [27/Sep/2021:10:28:25 +0000] "GET /uploads/images/344a5f55-76d9-4d09-8787-b4a09957b72e.jpeg HTTP/1.1" 304 - "http://localhost:3000/" "Mozilla/5.0 (Windows NT 10.0; Win64; x64) AppleWebKit/537.36 (KHTML, like Gecko) Chrome/93.0.4577.82 Safari/537.36"
::1 - - [27/Sep/2021:10:28:25 +0000] "GET /uploads/images/cc474b26-c8d2-4337-a634-70a19684f6b9.png HTTP/1.1" 304 - "http://localhost:3000/" "Mozilla/5.0 (Windows NT 10.0; Win64; x64) AppleWebKit/537.36 (KHTML, like Gecko) Chrome/93.0.4577.82 Safari/537.36"
::1 - - [27/Sep/2021:12:25:21 +0000] "GET /api/users HTTP/1.1" 304 - "http://localhost:3000/" "Mozilla/5.0 (Windows NT 10.0; Win64; x64) AppleWebKit/537.36 (KHTML, like Gecko) Chrome/93.0.4577.82 Safari/537.36"
::1 - - [27/Sep/2021:12:25:21 +0000] "GET /uploads/images/cc474b26-c8d2-4337-a634-70a19684f6b9.png HTTP/1.1" 304 - "http://localhost:3000/" "Mozilla/5.0 (Windows NT 10.0; Win64; x64) AppleWebKit/537.36 (KHTML, like Gecko) Chrome/93.0.4577.82 Safari/537.36"
::1 - - [27/Sep/2021:12:25:21 +0000] "GET /uploads/images/344a5f55-76d9-4d09-8787-b4a09957b72e.jpeg HTTP/1.1" 304 - "http://localhost:3000/" "Mozilla/5.0 (Windows NT 10.0; Win64; x64) AppleWebKit/537.36 (KHTML, like Gecko) Chrome/93.0.4577.82 Safari/537.36"
::1 - - [27/Sep/2021:12:25:24 +0000] "GET /api/places/user/615193388275fe6238361ee2 HTTP/1.1" 304 - "http://localhost:3000/" "Mozilla/5.0 (Windows NT 10.0; Win64; x64) AppleWebKit/537.36 (KHTML, like Gecko) Chrome/93.0.4577.82 Safari/537.36"
::1 - - [27/Sep/2021:12:25:24 +0000] "GET /uploads/images/4cde45be-8a63-4176-a49e-40b175384caf.jpeg HTTP/1.1" 304 - "http://localhost:3000/" "Mozilla/5.0 (Windows NT 10.0; Win64; x64) AppleWebKit/537.36 (KHTML, like Gecko) Chrome/93.0.4577.82 Safari/537.36"
::1 - - [27/Sep/2021:12:25:31 +0000] "GET /api/users HTTP/1.1" 304 - "http://localhost:3000/" "Mozilla/5.0 (Windows NT 10.0; Win64; x64) AppleWebKit/537.36 (KHTML, like Gecko) Chrome/93.0.4577.82 Safari/537.36"
::1 - - [27/Sep/2021:12:25:41 +0000] "OPTIONS /api/users/reset HTTP/1.1" 200 4 "http://localhost:3000/" "Mozilla/5.0 (Windows NT 10.0; Win64; x64) AppleWebKit/537.36 (KHTML, like Gecko) Chrome/93.0.4577.82 Safari/537.36"
::1 - - [27/Sep/2021:12:25:47 +0000] "POST /api/users/reset HTTP/1.1" 200 36 "http://localhost:3000/" "Mozilla/5.0 (Windows NT 10.0; Win64; x64) AppleWebKit/537.36 (KHTML, like Gecko) Chrome/93.0.4577.82 Safari/537.36"
::1 - - [27/Sep/2021:12:25:50 +0000] "GET /api/users HTTP/1.1" 200 736 "http://localhost:3000/" "Mozilla/5.0 (Windows NT 10.0; Win64; x64) AppleWebKit/537.36 (KHTML, like Gecko) Chrome/93.0.4577.82 Safari/537.36"
::1 - - [27/Sep/2021:12:25:50 +0000] "GET /uploads/images/cc474b26-c8d2-4337-a634-70a19684f6b9.png HTTP/1.1" 304 - "http://localhost:3000/" "Mozilla/5.0 (Windows NT 10.0; Win64; x64) AppleWebKit/537.36 (KHTML, like Gecko) Chrome/93.0.4577.82 Safari/537.36"
::1 - - [27/Sep/2021:12:25:50 +0000] "GET /uploads/images/344a5f55-76d9-4d09-8787-b4a09957b72e.jpeg HTTP/1.1" 304 - "http://localhost:3000/" "Mozilla/5.0 (Windows NT 10.0; Win64; x64) AppleWebKit/537.36 (KHTML, like Gecko) Chrome/93.0.4577.82 Safari/537.36"
::1 - - [27/Sep/2021:12:25:53 +0000] "GET /api/places/user/613f23552a2c097118801526 HTTP/1.1" 304 - "http://localhost:3000/" "Mozilla/5.0 (Windows NT 10.0; Win64; x64) AppleWebKit/537.36 (KHTML, like Gecko) Chrome/93.0.4577.82 Safari/537.36"
::1 - - [27/Sep/2021:12:25:53 +0000] "GET /uploads/images/3d1e619c-b95a-4234-98ab-04bec5bcc612.jpeg HTTP/1.1" 304 - "http://localhost:3000/" "Mozilla/5.0 (Windows NT 10.0; Win64; x64) AppleWebKit/537.36 (KHTML, like Gecko) Chrome/93.0.4577.82 Safari/537.36"
::1 - - [27/Sep/2021:12:55:09 +0000] "GET /api/users HTTP/1.1" 304 - "http://localhost:3000/" "Mozilla/5.0 (Windows NT 10.0; Win64; x64) AppleWebKit/537.36 (KHTML, like Gecko) Chrome/93.0.4577.82 Safari/537.36"
::1 - - [27/Sep/2021:12:55:13 +0000] "GET /api/places/user/615193388275fe6238361ee2 HTTP/1.1" 304 - "http://localhost:3000/" "Mozilla/5.0 (Windows NT 10.0; Win64; x64) AppleWebKit/537.36 (KHTML, like Gecko) Chrome/93.0.4577.82 Safari/537.36"
::1 - - [27/Sep/2021:12:56:22 +0000] "GET /api/users HTTP/1.1" 304 - "http://localhost:3000/" "Mozilla/5.0 (Windows NT 10.0; Win64; x64) AppleWebKit/537.36 (KHTML, like Gecko) Chrome/93.0.4577.82 Safari/537.36"
::1 - - [27/Sep/2021:12:56:22 +0000] "GET /uploads/images/cc474b26-c8d2-4337-a634-70a19684f6b9.png HTTP/1.1" 304 - "http://localhost:3000/" "Mozilla/5.0 (Windows NT 10.0; Win64; x64) AppleWebKit/537.36 (KHTML, like Gecko) Chrome/93.0.4577.82 Safari/537.36"
::1 - - [27/Sep/2021:12:56:22 +0000] "GET /uploads/images/344a5f55-76d9-4d09-8787-b4a09957b72e.jpeg HTTP/1.1" 304 - "http://localhost:3000/" "Mozilla/5.0 (Windows NT 10.0; Win64; x64) AppleWebKit/537.36 (KHTML, like Gecko) Chrome/93.0.4577.82 Safari/537.36"
::1 - - [27/Sep/2021:12:56:25 +0000] "GET /api/places/user/615193388275fe6238361ee2 HTTP/1.1" 304 - "http://localhost:3000/" "Mozilla/5.0 (Windows NT 10.0; Win64; x64) AppleWebKit/537.36 (KHTML, like Gecko) Chrome/93.0.4577.82 Safari/537.36"
::1 - - [27/Sep/2021:12:56:28 +0000] "GET /api/users HTTP/1.1" 304 - "http://localhost:3000/" "Mozilla/5.0 (Windows NT 10.0; Win64; x64) AppleWebKit/537.36 (KHTML, like Gecko) Chrome/93.0.4577.82 Safari/537.36"
::1 - - [27/Sep/2021:12:56:32 +0000] "OPTIONS /api/users/login HTTP/1.1" 200 4 "http://localhost:3000/" "Mozilla/5.0 (Windows NT 10.0; Win64; x64) AppleWebKit/537.36 (KHTML, like Gecko) Chrome/93.0.4577.82 Safari/537.36"
::1 - - [27/Sep/2021:12:56:32 +0000] "POST /api/users/login HTTP/1.1" 201 329 "http://localhost:3000/" "Mozilla/5.0 (Windows NT 10.0; Win64; x64) AppleWebKit/537.36 (KHTML, like Gecko) Chrome/93.0.4577.82 Safari/537.36"
::1 - - [27/Sep/2021:12:56:33 +0000] "GET /api/users HTTP/1.1" 304 - "http://localhost:3000/" "Mozilla/5.0 (Windows NT 10.0; Win64; x64) AppleWebKit/537.36 (KHTML, like Gecko) Chrome/93.0.4577.82 Safari/537.36"
::1 - - [27/Sep/2021:12:56:36 +0000] "GET /api/places/user/615193388275fe6238361ee2 HTTP/1.1" 304 - "http://localhost:3000/" "Mozilla/5.0 (Windows NT 10.0; Win64; x64) AppleWebKit/537.36 (KHTML, like Gecko) Chrome/93.0.4577.82 Safari/537.36"
::1 - - [27/Sep/2021:12:56:40 +0000] "GET /api/places/user/615193388275fe6238361ee2 HTTP/1.1" 304 - "http://localhost:3000/" "Mozilla/5.0 (Windows NT 10.0; Win64; x64) AppleWebKit/537.36 (KHTML, like Gecko) Chrome/93.0.4577.82 Safari/537.36"
::1 - - [27/Sep/2021:13:32:27 +0000] "GET /api/users HTTP/1.1" 304 - "http://localhost:3000/" "Mozilla/5.0 (Windows NT 10.0; Win64; x64) AppleWebKit/537.36 (KHTML, like Gecko) Chrome/93.0.4577.82 Safari/537.36"
::1 - - [27/Sep/2021:13:32:27 +0000] "GET /uploads/images/344a5f55-76d9-4d09-8787-b4a09957b72e.jpeg HTTP/1.1" 304 - "http://localhost:3000/" "Mozilla/5.0 (Windows NT 10.0; Win64; x64) AppleWebKit/537.36 (KHTML, like Gecko) Chrome/93.0.4577.82 Safari/537.36"
::1 - - [27/Sep/2021:13:32:27 +0000] "GET /uploads/images/cc474b26-c8d2-4337-a634-70a19684f6b9.png HTTP/1.1" 304 - "http://localhost:3000/" "Mozilla/5.0 (Windows NT 10.0; Win64; x64) AppleWebKit/537.36 (KHTML, like Gecko) Chrome/93.0.4577.82 Safari/537.36"
::1 - - [27/Sep/2021:13:32:39 +0000] "GET /api/places/user/615193388275fe6238361ee2 HTTP/1.1" 304 - "http://localhost:3000/" "Mozilla/5.0 (Windows NT 10.0; Win64; x64) AppleWebKit/537.36 (KHTML, like Gecko) Chrome/93.0.4577.82 Safari/537.36"
::1 - - [27/Sep/2021:13:32:43 +0000] "GET /api/users HTTP/1.1" 304 - "http://localhost:3000/" "Mozilla/5.0 (Windows NT 10.0; Win64; x64) AppleWebKit/537.36 (KHTML, like Gecko) Chrome/93.0.4577.82 Safari/537.36"
::1 - - [27/Sep/2021:13:32:43 +0000] "GET /uploads/images/cc474b26-c8d2-4337-a634-70a19684f6b9.png HTTP/1.1" 304 - "http://localhost:3000/" "Mozilla/5.0 (Windows NT 10.0; Win64; x64) AppleWebKit/537.36 (KHTML, like Gecko) Chrome/93.0.4577.82 Safari/537.36"
::1 - - [27/Sep/2021:13:32:43 +0000] "GET /uploads/images/344a5f55-76d9-4d09-8787-b4a09957b72e.jpeg HTTP/1.1" 304 - "http://localhost:3000/" "Mozilla/5.0 (Windows NT 10.0; Win64; x64) AppleWebKit/537.36 (KHTML, like Gecko) Chrome/93.0.4577.82 Safari/537.36"
::1 - - [27/Sep/2021:13:32:45 +0000] "GET /api/places/user/613f23552a2c097118801526 HTTP/1.1" 304 - "http://localhost:3000/" "Mozilla/5.0 (Windows NT 10.0; Win64; x64) AppleWebKit/537.36 (KHTML, like Gecko) Chrome/93.0.4577.82 Safari/537.36"
::1 - - [27/Sep/2021:13:32:45 +0000] "GET /uploads/images/3d1e619c-b95a-4234-98ab-04bec5bcc612.jpeg HTTP/1.1" 304 - "http://localhost:3000/" "Mozilla/5.0 (Windows NT 10.0; Win64; x64) AppleWebKit/537.36 (KHTML, like Gecko) Chrome/93.0.4577.82 Safari/537.36"
::1 - - [27/Sep/2021:13:33:33 +0000] "OPTIONS /api/users/login HTTP/1.1" 200 4 "http://localhost:3000/" "Mozilla/5.0 (Windows NT 10.0; Win64; x64) AppleWebKit/537.36 (KHTML, like Gecko) Chrome/93.0.4577.82 Safari/537.36"
::1 - - [27/Sep/2021:13:33:34 +0000] "POST /api/users/login HTTP/1.1" 201 329 "http://localhost:3000/" "Mozilla/5.0 (Windows NT 10.0; Win64; x64) AppleWebKit/537.36 (KHTML, like Gecko) Chrome/93.0.4577.82 Safari/537.36"
::1 - - [27/Sep/2021:13:33:34 +0000] "GET /api/users HTTP/1.1" 304 - "http://localhost:3000/" "Mozilla/5.0 (Windows NT 10.0; Win64; x64) AppleWebKit/537.36 (KHTML, like Gecko) Chrome/93.0.4577.82 Safari/537.36"
::1 - - [27/Sep/2021:13:33:34 +0000] "GET /uploads/images/cc474b26-c8d2-4337-a634-70a19684f6b9.png HTTP/1.1" 304 - "http://localhost:3000/" "Mozilla/5.0 (Windows NT 10.0; Win64; x64) AppleWebKit/537.36 (KHTML, like Gecko) Chrome/93.0.4577.82 Safari/537.36"
::1 - - [27/Sep/2021:13:33:34 +0000] "GET /uploads/images/344a5f55-76d9-4d09-8787-b4a09957b72e.jpeg HTTP/1.1" 304 - "http://localhost:3000/" "Mozilla/5.0 (Windows NT 10.0; Win64; x64) AppleWebKit/537.36 (KHTML, like Gecko) Chrome/93.0.4577.82 Safari/537.36"
::1 - - [27/Sep/2021:13:33:36 +0000] "GET /api/places/user/615193388275fe6238361ee2 HTTP/1.1" 304 - "http://localhost:3000/" "Mozilla/5.0 (Windows NT 10.0; Win64; x64) AppleWebKit/537.36 (KHTML, like Gecko) Chrome/93.0.4577.82 Safari/537.36"
::1 - - [27/Sep/2021:13:44:13 +0000] "GET /api/users HTTP/1.1" 304 - "http://localhost:3000/" "Mozilla/5.0 (Windows NT 10.0; Win64; x64) AppleWebKit/537.36 (KHTML, like Gecko) Chrome/93.0.4577.82 Safari/537.36"
::1 - - [27/Sep/2021:13:44:13 +0000] "GET /uploads/images/cc474b26-c8d2-4337-a634-70a19684f6b9.png HTTP/1.1" 304 - "http://localhost:3000/" "Mozilla/5.0 (Windows NT 10.0; Win64; x64) AppleWebKit/537.36 (KHTML, like Gecko) Chrome/93.0.4577.82 Safari/537.36"
::1 - - [27/Sep/2021:13:44:13 +0000] "GET /uploads/images/344a5f55-76d9-4d09-8787-b4a09957b72e.jpeg HTTP/1.1" 304 - "http://localhost:3000/" "Mozilla/5.0 (Windows NT 10.0; Win64; x64) AppleWebKit/537.36 (KHTML, like Gecko) Chrome/93.0.4577.82 Safari/537.36"
::1 - - [27/Sep/2021:13:45:06 +0000] "GET /api/users HTTP/1.1" 304 - "http://localhost:3000/" "Mozilla/5.0 (Windows NT 10.0; Win64; x64) AppleWebKit/537.36 (KHTML, like Gecko) Chrome/93.0.4577.82 Safari/537.36"
::1 - - [27/Sep/2021:13:45:07 +0000] "GET /uploads/images/cc474b26-c8d2-4337-a634-70a19684f6b9.png HTTP/1.1" 304 - "http://localhost:3000/" "Mozilla/5.0 (Windows NT 10.0; Win64; x64) AppleWebKit/537.36 (KHTML, like Gecko) Chrome/93.0.4577.82 Safari/537.36"
::1 - - [27/Sep/2021:13:45:07 +0000] "GET /uploads/images/344a5f55-76d9-4d09-8787-b4a09957b72e.jpeg HTTP/1.1" 304 - "http://localhost:3000/" "Mozilla/5.0 (Windows NT 10.0; Win64; x64) AppleWebKit/537.36 (KHTML, like Gecko) Chrome/93.0.4577.82 Safari/537.36"
::1 - - [27/Sep/2021:13:45:08 +0000] "GET /api/places/user/613f23552a2c097118801526 HTTP/1.1" 304 - "http://localhost:3000/" "Mozilla/5.0 (Windows NT 10.0; Win64; x64) AppleWebKit/537.36 (KHTML, like Gecko) Chrome/93.0.4577.82 Safari/537.36"
::1 - - [27/Sep/2021:13:45:08 +0000] "GET /uploads/images/3d1e619c-b95a-4234-98ab-04bec5bcc612.jpeg HTTP/1.1" 304 - "http://localhost:3000/" "Mozilla/5.0 (Windows NT 10.0; Win64; x64) AppleWebKit/537.36 (KHTML, like Gecko) Chrome/93.0.4577.82 Safari/537.36"
::1 - - [27/Sep/2021:13:45:13 +0000] "OPTIONS /api/users/login HTTP/1.1" 200 4 "http://localhost:3000/" "Mozilla/5.0 (Windows NT 10.0; Win64; x64) AppleWebKit/537.36 (KHTML, like Gecko) Chrome/93.0.4577.82 Safari/537.36"
::1 - - [27/Sep/2021:13:45:14 +0000] "POST /api/users/login HTTP/1.1" 201 329 "http://localhost:3000/" "Mozilla/5.0 (Windows NT 10.0; Win64; x64) AppleWebKit/537.36 (KHTML, like Gecko) Chrome/93.0.4577.82 Safari/537.36"
::1 - - [27/Sep/2021:13:45:14 +0000] "GET /api/users HTTP/1.1" 304 - "http://localhost:3000/" "Mozilla/5.0 (Windows NT 10.0; Win64; x64) AppleWebKit/537.36 (KHTML, like Gecko) Chrome/93.0.4577.82 Safari/537.36"
::1 - - [27/Sep/2021:13:45:14 +0000] "GET /uploads/images/cc474b26-c8d2-4337-a634-70a19684f6b9.png HTTP/1.1" 304 - "http://localhost:3000/" "Mozilla/5.0 (Windows NT 10.0; Win64; x64) AppleWebKit/537.36 (KHTML, like Gecko) Chrome/93.0.4577.82 Safari/537.36"
::1 - - [27/Sep/2021:13:45:14 +0000] "GET /uploads/images/344a5f55-76d9-4d09-8787-b4a09957b72e.jpeg HTTP/1.1" 304 - "http://localhost:3000/" "Mozilla/5.0 (Windows NT 10.0; Win64; x64) AppleWebKit/537.36 (KHTML, like Gecko) Chrome/93.0.4577.82 Safari/537.36"
::1 - - [27/Sep/2021:13:45:17 +0000] "GET /api/places/user/615193388275fe6238361ee2 HTTP/1.1" 304 - "http://localhost:3000/" "Mozilla/5.0 (Windows NT 10.0; Win64; x64) AppleWebKit/537.36 (KHTML, like Gecko) Chrome/93.0.4577.82 Safari/537.36"
::1 - - [27/Sep/2021:13:45:17 +0000] "GET /uploads/images/4cde45be-8a63-4176-a49e-40b175384caf.jpeg HTTP/1.1" 304 - "http://localhost:3000/" "Mozilla/5.0 (Windows NT 10.0; Win64; x64) AppleWebKit/537.36 (KHTML, like Gecko) Chrome/93.0.4577.82 Safari/537.36"
::1 - - [27/Sep/2021:13:45:19 +0000] "GET /api/users HTTP/1.1" 304 - "http://localhost:3000/" "Mozilla/5.0 (Windows NT 10.0; Win64; x64) AppleWebKit/537.36 (KHTML, like Gecko) Chrome/93.0.4577.82 Safari/537.36"
::1 - - [27/Sep/2021:13:45:21 +0000] "GET /api/places/user/615193388275fe6238361ee2 HTTP/1.1" 304 - "http://localhost:3000/" "Mozilla/5.0 (Windows NT 10.0; Win64; x64) AppleWebKit/537.36 (KHTML, like Gecko) Chrome/93.0.4577.82 Safari/537.36"
::1 - - [27/Sep/2021:13:45:24 +0000] "GET /api/users HTTP/1.1" 304 - "http://localhost:3000/" "Mozilla/5.0 (Windows NT 10.0; Win64; x64) AppleWebKit/537.36 (KHTML, like Gecko) Chrome/93.0.4577.82 Safari/537.36"
::1 - - [27/Sep/2021:13:45:24 +0000] "GET /uploads/images/cc474b26-c8d2-4337-a634-70a19684f6b9.png HTTP/1.1" 304 - "http://localhost:3000/" "Mozilla/5.0 (Windows NT 10.0; Win64; x64) AppleWebKit/537.36 (KHTML, like Gecko) Chrome/93.0.4577.82 Safari/537.36"
::1 - - [27/Sep/2021:13:45:24 +0000] "GET /uploads/images/344a5f55-76d9-4d09-8787-b4a09957b72e.jpeg HTTP/1.1" 304 - "http://localhost:3000/" "Mozilla/5.0 (Windows NT 10.0; Win64; x64) AppleWebKit/537.36 (KHTML, like Gecko) Chrome/93.0.4577.82 Safari/537.36"
::1 - - [27/Sep/2021:13:46:17 +0000] "GET /api/users HTTP/1.1" 304 - "http://localhost:3000/" "Mozilla/5.0 (Windows NT 10.0; Win64; x64) AppleWebKit/537.36 (KHTML, like Gecko) Chrome/93.0.4577.82 Safari/537.36"
::1 - - [27/Sep/2021:13:46:17 +0000] "GET /uploads/images/cc474b26-c8d2-4337-a634-70a19684f6b9.png HTTP/1.1" 304 - "http://localhost:3000/" "Mozilla/5.0 (Windows NT 10.0; Win64; x64) AppleWebKit/537.36 (KHTML, like Gecko) Chrome/93.0.4577.82 Safari/537.36"
::1 - - [27/Sep/2021:13:46:17 +0000] "GET /uploads/images/344a5f55-76d9-4d09-8787-b4a09957b72e.jpeg HTTP/1.1" 304 - "http://localhost:3000/" "Mozilla/5.0 (Windows NT 10.0; Win64; x64) AppleWebKit/537.36 (KHTML, like Gecko) Chrome/93.0.4577.82 Safari/537.36"
::1 - - [27/Sep/2021:14:03:44 +0000] "GET /api/places/user/613f23552a2c097118801526 HTTP/1.1" 304 - "http://localhost:3000/" "Mozilla/5.0 (Windows NT 10.0; Win64; x64) AppleWebKit/537.36 (KHTML, like Gecko) Chrome/93.0.4577.82 Safari/537.36"
::1 - - [27/Sep/2021:14:03:44 +0000] "GET /uploads/images/3d1e619c-b95a-4234-98ab-04bec5bcc612.jpeg HTTP/1.1" 304 - "http://localhost:3000/" "Mozilla/5.0 (Windows NT 10.0; Win64; x64) AppleWebKit/537.36 (KHTML, like Gecko) Chrome/93.0.4577.82 Safari/537.36"
::1 - - [27/Sep/2021:14:04:25 +0000] "OPTIONS /api/users/login HTTP/1.1" 200 4 "http://localhost:3000/" "Mozilla/5.0 (Windows NT 10.0; Win64; x64) AppleWebKit/537.36 (KHTML, like Gecko) Chrome/93.0.4577.82 Safari/537.36"
::1 - - [27/Sep/2021:14:04:25 +0000] "POST /api/users/login HTTP/1.1" 201 329 "http://localhost:3000/" "Mozilla/5.0 (Windows NT 10.0; Win64; x64) AppleWebKit/537.36 (KHTML, like Gecko) Chrome/93.0.4577.82 Safari/537.36"
::1 - - [27/Sep/2021:14:04:26 +0000] "GET /api/users HTTP/1.1" 304 - "http://localhost:3000/" "Mozilla/5.0 (Windows NT 10.0; Win64; x64) AppleWebKit/537.36 (KHTML, like Gecko) Chrome/93.0.4577.82 Safari/537.36"
::1 - - [27/Sep/2021:14:04:26 +0000] "GET /uploads/images/cc474b26-c8d2-4337-a634-70a19684f6b9.png HTTP/1.1" 304 - "http://localhost:3000/" "Mozilla/5.0 (Windows NT 10.0; Win64; x64) AppleWebKit/537.36 (KHTML, like Gecko) Chrome/93.0.4577.82 Safari/537.36"
::1 - - [27/Sep/2021:14:04:26 +0000] "GET /uploads/images/344a5f55-76d9-4d09-8787-b4a09957b72e.jpeg HTTP/1.1" 304 - "http://localhost:3000/" "Mozilla/5.0 (Windows NT 10.0; Win64; x64) AppleWebKit/537.36 (KHTML, like Gecko) Chrome/93.0.4577.82 Safari/537.36"
::1 - - [27/Sep/2021:14:04:29 +0000] "GET /api/places/user/615193388275fe6238361ee2 HTTP/1.1" 304 - "http://localhost:3000/" "Mozilla/5.0 (Windows NT 10.0; Win64; x64) AppleWebKit/537.36 (KHTML, like Gecko) Chrome/93.0.4577.82 Safari/537.36"
::1 - - [27/Sep/2021:14:04:29 +0000] "GET /uploads/images/4cde45be-8a63-4176-a49e-40b175384caf.jpeg HTTP/1.1" 304 - "http://localhost:3000/" "Mozilla/5.0 (Windows NT 10.0; Win64; x64) AppleWebKit/537.36 (KHTML, like Gecko) Chrome/93.0.4577.82 Safari/537.36"
::1 - - [27/Sep/2021:14:05:14 +0000] "GET /api/users HTTP/1.1" 304 - "http://localhost:3000/" "Mozilla/5.0 (Windows NT 10.0; Win64; x64) AppleWebKit/537.36 (KHTML, like Gecko) Chrome/93.0.4577.82 Safari/537.36"
::1 - - [27/Sep/2021:14:05:14 +0000] "GET /uploads/images/cc474b26-c8d2-4337-a634-70a19684f6b9.png HTTP/1.1" 304 - "http://localhost:3000/" "Mozilla/5.0 (Windows NT 10.0; Win64; x64) AppleWebKit/537.36 (KHTML, like Gecko) Chrome/93.0.4577.82 Safari/537.36"
::1 - - [27/Sep/2021:14:05:14 +0000] "GET /uploads/images/344a5f55-76d9-4d09-8787-b4a09957b72e.jpeg HTTP/1.1" 304 - "http://localhost:3000/" "Mozilla/5.0 (Windows NT 10.0; Win64; x64) AppleWebKit/537.36 (KHTML, like Gecko) Chrome/93.0.4577.82 Safari/537.36"
::1 - - [27/Sep/2021:14:05:19 +0000] "GET /api/places/user/615193388275fe6238361ee2 HTTP/1.1" 304 - "http://localhost:3000/" "Mozilla/5.0 (Windows NT 10.0; Win64; x64) AppleWebKit/537.36 (KHTML, like Gecko) Chrome/93.0.4577.82 Safari/537.36"
::1 - - [27/Sep/2021:14:09:24 +0000] "GET /api/users HTTP/1.1" 304 - "http://localhost:3000/" "Mozilla/5.0 (Windows NT 10.0; Win64; x64) AppleWebKit/537.36 (KHTML, like Gecko) Chrome/93.0.4577.82 Safari/537.36"
::1 - - [27/Sep/2021:14:09:24 +0000] "GET /uploads/images/cc474b26-c8d2-4337-a634-70a19684f6b9.png HTTP/1.1" 304 - "http://localhost:3000/" "Mozilla/5.0 (Windows NT 10.0; Win64; x64) AppleWebKit/537.36 (KHTML, like Gecko) Chrome/93.0.4577.82 Safari/537.36"
::1 - - [27/Sep/2021:14:09:24 +0000] "GET /uploads/images/344a5f55-76d9-4d09-8787-b4a09957b72e.jpeg HTTP/1.1" 304 - "http://localhost:3000/" "Mozilla/5.0 (Windows NT 10.0; Win64; x64) AppleWebKit/537.36 (KHTML, like Gecko) Chrome/93.0.4577.82 Safari/537.36"
::1 - - [27/Sep/2021:14:20:45 +0000] "GET /api/users HTTP/1.1" 304 - "http://localhost:3000/" "Mozilla/5.0 (Windows NT 10.0; Win64; x64) AppleWebKit/537.36 (KHTML, like Gecko) Chrome/93.0.4577.82 Safari/537.36"
::1 - - [27/Sep/2021:17:28:14 +0000] "GET /api/places/user/613f23552a2c097118801526 HTTP/1.1" 304 - "http://localhost:3000/" "Mozilla/5.0 (Windows NT 10.0; Win64; x64) AppleWebKit/537.36 (KHTML, like Gecko) Chrome/93.0.4577.82 Safari/537.36"
::1 - - [27/Sep/2021:17:28:14 +0000] "GET /uploads/images/3d1e619c-b95a-4234-98ab-04bec5bcc612.jpeg HTTP/1.1" 304 - "http://localhost:3000/" "Mozilla/5.0 (Windows NT 10.0; Win64; x64) AppleWebKit/537.36 (KHTML, like Gecko) Chrome/93.0.4577.82 Safari/537.36"
